 #hydrostatic equilibrium dump
 #alt/km p/mbar Tgas/K
   1.0000000000000000        913.33852091960614        282.00000000000000     
   2.0000000000000000        778.57227977920070        275.00000000000000     
   3.0000000000000000        665.37105711587799        269.00000000000000     
   4.0000000000000000        563.58322885340965        262.00000000000000     
   5.0000000000000000        480.92841177576923        256.00000000000000     
   6.0000000000000000        406.35046380209781        249.00000000000000     
   7.0000000000000000        344.42793193298650        243.00000000000000     
   8.0000000000000000        289.78588683522207        236.00000000000000     
   9.0000000000000000        244.59607015631599        230.00000000000000     
   10.000000000000000        206.64296685151862        225.00000000000000     
   11.000000000000000        176.71642773440036        221.00000000000000     
   12.000000000000000        152.79362481760393        220.00000000000000     
   13.000000000000000        131.98527916230304        219.00000000000000     
   14.000000000000000        114.04089251368246        218.00000000000000     
   15.000000000000000        98.563254596663327        217.00000000000000     
   16.000000000000000        85.766757260542136        217.00000000000000     
   17.000000000000000        74.798312926909716        217.00000000000000     
   18.000000000000000        65.028789336056377        217.00000000000000     
   19.000000000000000        56.667779940634922        217.00000000000000     
   20.000000000000000        49.445557881376523        217.00000000000000     
   21.000000000000000        43.291203065562925        218.00000000000000     
   22.000000000000000        37.834382578381536        219.00000000000000     
   23.000000000000000        33.267733566077460        220.00000000000000     
   24.000000000000000        29.176821681943682        221.00000000000000     
   25.000000000000000        25.599381425834412        222.00000000000000     
   26.000000000000000        22.450409616608205        223.00000000000000     
   27.000000000000000        19.698962650268633        224.00000000000000     
   28.000000000000000        17.288716289827139        225.00000000000000     
   29.000000000000000        15.183961929421621        226.00000000000000     
   30.000000000000000        13.320102771358471        227.00000000000000     
   31.000000000000000        11.783550403784508        229.00000000000000     
   32.000000000000000        10.431819823060405        231.00000000000000     
   33.000000000000000        9.2350736898228352        233.00000000000000     
   34.000000000000000        8.1687596974717529        235.00000000000000     
   35.000000000000000        7.2269550984400075        237.00000000000000     
   36.000000000000000        6.4330942865039518        239.00000000000000     
   37.000000000000000        5.7251690488340889        242.00000000000000     
   38.000000000000000        5.1431584538281205        245.00000000000000     
   39.000000000000000        4.5828386631364104        248.00000000000000     
   40.000000000000000        4.0811979346222156        250.00000000000000     
   41.000000000000000        3.6515162160940662        253.00000000000000     
   42.000000000000000        3.2705824065436562        256.00000000000000     
   43.000000000000000        2.9333535365823704        259.00000000000000     
   44.000000000000000        2.6243835297238087        261.00000000000000     
   45.000000000000000        2.3592404572395425        264.00000000000000     
   46.000000000000000        2.1168820507287900        267.00000000000000     
   47.000000000000000        1.8768030125894233        268.00000000000000     
   48.000000000000000        1.6608829330167827        269.00000000000000     
   49.000000000000000        1.4786100358366481        271.00000000000000     
   50.000000000000000        1.2951879530079411        271.00000000000000     
   51.000000000000000        1.1334790691994761        271.00000000000000     
   52.000000000000000       0.96505758733291236        268.00000000000000     
   53.000000000000000       0.82630850455737614        266.00000000000000     
   54.000000000000000       0.70412920906238119        264.00000000000000     
   55.000000000000000       0.59877827795623129        261.00000000000000     
   56.000000000000000       0.50975934696416114        259.00000000000000     
   57.000000000000000       0.43489513287889753        256.00000000000000     
   58.000000000000000       0.37115265190728797        254.00000000000000     
   59.000000000000000       0.31671538121517939        252.00000000000000     
   60.000000000000000       0.26300392912990939        247.00000000000000     
