 #hydrostatic equilibrium dump
 #alt/km p/mbar Tgas/K
   1.0000000000000000        913.33852150314135        282.00000000000000     
   2.0000000000000000        778.57228025347138        275.00000000000000     
   3.0000000000000000        665.37105750743876        269.00000000000000     
   4.0000000000000000        563.58322917658359        262.00000000000000     
   5.0000000000000000        480.92841204608897        256.00000000000000     
   6.0000000000000000        406.35046402701136        249.00000000000000     
   7.0000000000000000        344.42793212139185        243.00000000000000     
   8.0000000000000000        289.78588699233069        236.00000000000000     
   9.0000000000000000        244.59607028801250        230.00000000000000     
   10.000000000000000        206.64296696206532        225.00000000000000     
   11.000000000000000        176.71642782825495        221.00000000000000     
   12.000000000000000        152.79362489824908        220.00000000000000     
   13.000000000000000        131.98527923182388        219.00000000000000     
   14.000000000000000        114.04089257343738        218.00000000000000     
   15.000000000000000        98.563254647734851        217.00000000000000     
   16.000000000000000        85.766757304154709        217.00000000000000     
   17.000000000000000        74.798312963819129        217.00000000000000     
   18.000000000000000        65.028789366834687        217.00000000000000     
   19.000000000000000        56.667779966102692        217.00000000000000     
   20.000000000000000        49.445557902248346        217.00000000000000     
   21.000000000000000        43.291203082503209        218.00000000000000     
   22.000000000000000        37.834382591965117        219.00000000000000     
   23.000000000000000        33.267733576882762        220.00000000000000     
   24.000000000000000        29.176821690465310        221.00000000000000     
   25.000000000000000        25.599381432453558        222.00000000000000     
   26.000000000000000        22.450409621685328        223.00000000000000     
   27.000000000000000        19.698962654121132        224.00000000000000     
   28.000000000000000        17.288716292698403        225.00000000000000     
   29.000000000000000        15.183961931534341        226.00000000000000     
   30.000000000000000        13.320102772883173        227.00000000000000     
   31.000000000000000        11.783550404890301        229.00000000000000     
   32.000000000000000        10.431819823863359        231.00000000000000     
   33.000000000000000        9.2350736904070807        233.00000000000000     
   34.000000000000000        8.1687596978988974        235.00000000000000     
   35.000000000000000        7.2269550987529776        237.00000000000000     
   36.000000000000000        6.4330942867378882        239.00000000000000     
   37.000000000000000        5.7251690490117477        242.00000000000000     
   38.000000000000000        5.1431584539660333        245.00000000000000     
   39.000000000000000        4.5828386632448073        248.00000000000000     
   40.000000000000000        4.0811979347091336        250.00000000000000     
   41.000000000000000        3.6515162161654038        253.00000000000000     
   42.000000000000000        3.2705824066033147        256.00000000000000     
   43.000000000000000        2.9333535366331245        259.00000000000000     
   44.000000000000000        2.6243835297674356        261.00000000000000     
   45.000000000000000        2.3592404572776018        264.00000000000000     
   46.000000000000000        2.1168820507622201        267.00000000000000     
   47.000000000000000        1.8768030126186042        268.00000000000000     
   48.000000000000000        1.6608829330423154        269.00000000000000     
   49.000000000000000        1.4786100358591954        271.00000000000000     
   50.000000000000000        1.2951879530275761        271.00000000000000     
   51.000000000000000        1.1334790692165928        271.00000000000000     
   52.000000000000000       0.96505758734744707        268.00000000000000     
   53.000000000000000       0.82630850456979976        266.00000000000000     
   54.000000000000000       0.70412920907295451        264.00000000000000     
   55.000000000000000       0.59877827796521488        261.00000000000000     
   56.000000000000000       0.50975934697180514        259.00000000000000     
   57.000000000000000       0.43489513288541659        256.00000000000000     
   58.000000000000000       0.37115265191285018        254.00000000000000     
   59.000000000000000       0.31671538121992515        252.00000000000000     
   60.000000000000000       0.26300392913384990        247.00000000000000     
